<?xml version="1.0" encoding="UTF-8"?>
<!-- Generated by org.testng.reporters.JUnitReportReporter -->
<testsuite hostname="Chinmai_2831" failures="0" tests="1" name="cucumberRunner.failedtestngrunner" time="5.691" errors="0" timestamp="2024-06-02T10:28:34 IST" skipped="0">
  <testcase classname="cucumberRunner.failedtestngrunner" name="runScenario" time="5.691"/>
</testsuite> <!-- cucumberRunner.failedtestngrunner -->
