<?xml version="1.0" encoding="UTF-8"?>
<!-- Generated by org.testng.reporters.JUnitReportReporter -->
<testsuite hostname="Chinmai_2831" failures="0" tests="2" name="cucumberRunner.testngrunner" time="12.806" errors="0" timestamp="2024-06-02T10:37:40 IST" skipped="0">
  <testcase classname="cucumberRunner.testngrunner" name="runScenario" time="5.767"/>
  <testcase classname="cucumberRunner.testngrunner" name="runScenario" time="7.039"/>
</testsuite> <!-- cucumberRunner.testngrunner -->
